2023-10-14 14:03:26.509 [info] Log level: Info
2023-10-14 14:03:26.509 [info] Validating found git in: "git"
2023-10-14 14:03:26.509 [info] Using git "2.34.1" from "git"
2023-10-14 14:03:26.509 [info] > git rev-parse --show-toplevel [4ms]
2023-10-14 14:03:26.509 [info] fatal: not a git repository (or any of the parent directories): .git
2023-10-14 14:03:26.509 [info] > git rev-parse --show-toplevel [2ms]
2023-10-14 14:03:26.509 [info] fatal: not a git repository (or any of the parent directories): .git
2023-10-14 14:03:26.510 [info] > git rev-parse --show-toplevel [2ms]
2023-10-14 14:03:26.510 [info] fatal: not a git repository (or any of the parent directories): .git
2023-10-14 14:03:26.514 [info] > git rev-parse --show-toplevel [1ms]
2023-10-14 14:03:26.515 [info] fatal: not a git repository (or any of the parent directories): .git
2023-10-14 14:03:26.519 [info] > git rev-parse --show-toplevel [1ms]
2023-10-14 14:03:26.519 [info] fatal: not a git repository (or any of the parent directories): .git
2023-10-14 14:03:26.526 [info] > git rev-parse --show-toplevel [1ms]
2023-10-14 14:03:26.531 [info] > git rev-parse --git-dir --git-common-dir [1ms]
2023-10-14 14:03:26.544 [info] Open repository: /home/pranitha/.nvm
2023-10-14 14:03:26.561 [info] > git rev-parse --show-toplevel [7ms]
2023-10-14 14:03:26.561 [info] fatal: not a git repository (or any of the parent directories): .git
2023-10-14 14:03:26.561 [info] > git config --get commit.template [11ms]
2023-10-14 14:03:26.571 [info] > git for-each-ref --format %(refname) %(objectname) %(*objectname) refs/tags [1ms]
2023-10-14 14:03:26.577 [info] > git rev-parse --show-toplevel [12ms]
2023-10-14 14:03:26.577 [info] fatal: not a git repository (or any of the parent directories): .git
2023-10-14 14:03:26.581 [info] > git status -z -uall [5ms]
2023-10-14 14:03:26.594 [info] > git rev-parse --show-toplevel [14ms]
2023-10-14 14:03:26.594 [info] fatal: not a git repository (or any of the parent directories): .git
2023-10-14 14:03:26.600 [info] > git config --get commit.template [6ms]
2023-10-14 14:03:26.600 [info] > git rev-parse --show-toplevel [1ms]
2023-10-14 14:03:26.600 [info] fatal: not a git repository (or any of the parent directories): .git
2023-10-14 14:03:26.611 [info] > git for-each-ref --format %(refname) %(objectname) %(*objectname) refs/tags [8ms]
2023-10-14 14:03:26.615 [info] > git rev-parse --show-toplevel [6ms]
2023-10-14 14:03:26.615 [info] fatal: not a git repository (or any of the parent directories): .git
2023-10-14 14:03:26.620 [info] > git status -z -uall [6ms]
2023-10-14 14:03:27.176 [info] > git check-ignore -v -z --stdin [2ms]
2023-10-14 14:03:34.081 [info] > git rev-parse --show-toplevel [0ms]
2023-10-14 14:03:34.081 [info] fatal: not a git repository (or any of the parent directories): .git
2023-10-14 14:04:16.582 [info] > git check-ignore -v -z --stdin [1ms]
2023-10-14 14:04:18.333 [info] > git check-ignore -v -z --stdin [0ms]
2023-10-14 14:04:30.985 [info] > git rev-parse --show-toplevel [48ms]
2023-10-14 14:04:30.986 [info] fatal: not a git repository (or any of the parent directories): .git
2023-10-14 14:05:39.949 [info] > git rev-parse --show-toplevel [1ms]
2023-10-14 14:05:39.949 [info] fatal: not a git repository (or any of the parent directories): .git
2023-10-14 14:06:34.067 [info] > git rev-parse --show-toplevel [10ms]
2023-10-14 14:06:34.068 [info] fatal: not a git repository (or any of the parent directories): .git
2023-10-14 14:09:02.332 [info] > git rev-parse --show-toplevel [3ms]
2023-10-14 14:09:02.332 [info] fatal: not a git repository (or any of the parent directories): .git
2023-10-14 14:10:28.995 [info] > git rev-parse --show-toplevel [2ms]
2023-10-14 14:10:28.995 [info] fatal: not a git repository (or any of the parent directories): .git
2023-10-14 14:12:11.499 [info] > git rev-parse --show-toplevel [3ms]
2023-10-14 14:12:11.499 [info] fatal: not a git repository (or any of the parent directories): .git
2023-10-14 14:12:42.433 [info] > git rev-parse --show-toplevel [1ms]
2023-10-14 14:12:42.434 [info] fatal: not a git repository (or any of the parent directories): .git
2023-10-14 14:13:10.400 [info] > git rev-parse --show-toplevel [1ms]
2023-10-14 14:13:10.400 [info] fatal: not a git repository (or any of the parent directories): .git
2023-10-14 14:13:15.439 [info] > git rev-parse --show-toplevel [1ms]
2023-10-14 14:13:15.439 [info] fatal: not a git repository (or any of the parent directories): .git
2023-10-14 14:15:37.848 [info] > git rev-parse --show-toplevel [1ms]
2023-10-14 14:15:37.848 [info] fatal: not a git repository (or any of the parent directories): .git
2023-10-14 15:27:57.251 [info] > git rev-parse --show-toplevel [14ms]
2023-10-14 15:27:57.268 [info] fatal: not a git repository (or any of the parent directories): .git
