2023-10-11 18:44:37.937 [info] Log level: Info
2023-10-11 18:44:37.937 [info] Validating found git in: "git"
2023-10-11 18:44:37.937 [info] Using git "2.34.1" from "git"
2023-10-11 18:44:37.937 [info] > git rev-parse --show-toplevel [1ms]
2023-10-11 18:44:37.937 [info] fatal: not a git repository (or any of the parent directories): .git
2023-10-11 18:44:37.937 [info] > git rev-parse --show-toplevel [3ms]
2023-10-11 18:44:37.937 [info] fatal: not a git repository (or any of the parent directories): .git
2023-10-11 18:44:37.937 [info] > git rev-parse --show-toplevel [1ms]
2023-10-11 18:44:37.937 [info] fatal: not a git repository (or any of the parent directories): .git
2023-10-11 18:44:37.940 [info] > git rev-parse --show-toplevel [0ms]
2023-10-11 18:44:37.941 [info] fatal: not a git repository (or any of the parent directories): .git
2023-10-11 18:44:37.947 [info] > git rev-parse --show-toplevel [4ms]
2023-10-11 18:44:37.951 [info] > git rev-parse --git-dir --git-common-dir [1ms]
2023-10-11 18:44:37.956 [info] Open repository: /home/pranitha/.nvm
2023-10-11 18:44:37.965 [info] > git rev-parse --show-toplevel [1ms]
2023-10-11 18:44:37.965 [info] fatal: not a git repository (or any of the parent directories): .git
2023-10-11 18:44:37.965 [info] > git config --get commit.template [5ms]
2023-10-11 18:44:37.975 [info] > git rev-parse --show-toplevel [5ms]
2023-10-11 18:44:37.975 [info] fatal: not a git repository (or any of the parent directories): .git
2023-10-11 18:44:37.981 [info] > git rev-parse --show-toplevel [1ms]
2023-10-11 18:44:37.981 [info] fatal: not a git repository (or any of the parent directories): .git
2023-10-11 18:44:37.985 [info] > git for-each-ref --format %(refname) %(objectname) %(*objectname) refs/tags [12ms]
2023-10-11 18:44:37.994 [info] > git status -z -uall [6ms]
2023-10-11 18:44:38.003 [info] > git config --get commit.template [1ms]
2023-10-11 18:44:38.008 [info] > git for-each-ref --format %(refname) %(objectname) %(*objectname) refs/tags [1ms]
2023-10-11 18:44:38.015 [info] > git status -z -uall [4ms]
2023-10-11 18:44:38.481 [info] > git check-ignore -v -z --stdin [1ms]
2023-10-11 18:44:50.895 [info] > git rev-parse --show-toplevel [1ms]
2023-10-11 18:44:50.896 [info] fatal: not a git repository (or any of the parent directories): .git
