0 verbose cli /home/pranitha/.nvm/versions/node/v18.18.0/bin/node /home/pranitha/.nvm/versions/node/v18.18.0/bin/npm
1 info using npm@9.8.1
2 info using node@v18.18.0
3 timing npm:load:whichnode Completed in 7ms
4 timing config:load:defaults Completed in 2ms
5 timing config:load:file:/home/pranitha/.nvm/versions/node/v18.18.0/lib/node_modules/npm/npmrc Completed in 0ms
6 timing config:load:builtin Completed in 0ms
7 timing config:load:cli Completed in 2ms
8 timing config:load:env Completed in 0ms
9 timing config:load:file:/home/pranitha/.cache/typescript/5.2/.npmrc Completed in 0ms
10 timing config:load:project Completed in 3ms
11 timing config:load:file:/home/pranitha/.npmrc Completed in 1ms
12 timing config:load:user Completed in 1ms
13 timing config:load:file:/home/pranitha/.nvm/versions/node/v18.18.0/etc/npmrc Completed in 0ms
14 timing config:load:global Completed in 0ms
15 timing config:load:setEnvs Completed in 0ms
16 timing config:load Completed in 8ms
17 timing npm:load:configload Completed in 8ms
18 timing config:load:flatten Completed in 2ms
19 timing npm:load:mkdirpcache Completed in 1ms
20 timing npm:load:mkdirplogs Completed in 0ms
21 verbose title npm install @types/express@ts5.2 @types/uuid@ts5.2
22 verbose argv "install" "--ignore-scripts" "@types/express@ts5.2" "@types/uuid@ts5.2" "--save-dev" "--user-agent" "typesInstaller/5.2.2"
23 timing npm:load:setTitle Completed in 1ms
24 timing npm:load:display Completed in 0ms
25 verbose logfile logs-max:10 dir:/home/pranitha/.npm/_logs/2023-11-30T18_19_13_328Z-
26 verbose logfile /home/pranitha/.npm/_logs/2023-11-30T18_19_13_328Z-debug-0.log
27 timing npm:load:logFile Completed in 6ms
28 timing npm:load:timers Completed in 0ms
29 timing npm:load:configScope Completed in 0ms
30 timing npm:load Completed in 35ms
31 timing arborist:ctor Completed in 0ms
32 silly logfile start cleaning logs, removing 1 files
33 timing idealTree:init Completed in 38ms
34 silly logfile done cleaning log files
35 timing arborist:ctor Completed in 0ms
36 http fetch GET 200 https://registry.npmjs.org/@types%2fexpress 139ms (cache revalidated)
37 http fetch GET 200 https://registry.npmjs.org/@types%2fuuid 142ms (cache revalidated)
38 timing idealTree:userRequests Completed in 147ms
39 silly idealTree buildDeps
40 silly fetch manifest @types/express@4.17.21
41 silly fetch manifest @types/uuid@9.0.7
42 silly placeDep ROOT @types/express@4.17.21 REPLACE for:  want: 4.17.21
43 silly placeDep ROOT @types/uuid@9.0.7 REPLACE for:  want: 9.0.7
44 timing idealTree:#root Completed in 7ms
45 timing idealTree:node_modules/@types/express Completed in 0ms
46 timing idealTree:node_modules/@types/uuid Completed in 0ms
47 timing idealTree:buildDeps Completed in 9ms
48 timing idealTree:fixDepFlags Completed in 0ms
49 timing idealTree Completed in 198ms
50 timing reify:loadTrees Completed in 199ms
51 timing reify:diffTrees Completed in 1ms
52 silly reify moves {}
53 timing reify:retireShallow Completed in 1ms
54 timing reify:createSparse Completed in 0ms
55 timing reify:loadBundles Completed in 0ms
56 silly audit bulk request {
56 silly audit   '@types/body-parser': [ '1.19.3' ],
56 silly audit   '@types/connect': [ '3.4.36' ],
56 silly audit   '@types/express-serve-static-core': [ '4.17.37' ],
56 silly audit   '@types/http-errors': [ '2.0.2' ],
56 silly audit   '@types/merge-descriptors': [ '1.0.1' ],
56 silly audit   '@types/mime': [ '1.3.3' ],
56 silly audit   '@types/node': [ '20.8.4' ],
56 silly audit   '@types/qs': [ '6.9.8' ],
56 silly audit   '@types/range-parser': [ '1.2.5' ],
56 silly audit   '@types/redis-errors': [ '1.2.1' ],
56 silly audit   '@types/send': [ '0.17.2' ],
56 silly audit   '@types/serve-static': [ '1.15.3' ],
56 silly audit   'types-registry': [ '0.1.672' ],
56 silly audit   'undici-types': [ '5.25.3' ],
56 silly audit   '@types/express': [ '4.17.21' ],
56 silly audit   '@types/uuid': [ '9.0.7' ]
56 silly audit }
57 timing reify:unpack Completed in 1ms
58 timing reify:unretire Completed in 0ms
59 timing build:queue Completed in 0ms
60 timing build:deps Completed in 0ms
61 timing build Completed in 0ms
62 timing reify:build Completed in 0ms
63 timing reify:trash Completed in 0ms
64 timing reify:save Completed in 9ms
65 http fetch POST 200 https://registry.npmjs.org/-/npm/v1/security/advisories/bulk 95ms
66 timing auditReport:getReport Completed in 96ms
67 silly audit report {}
68 timing auditReport:init Completed in 0ms
69 timing reify:audit Completed in 98ms
70 timing reify Completed in 305ms
71 timing command:install Completed in 309ms
72 verbose exit 0
73 timing npm Completed in 458ms
74 info ok
