0 verbose cli /home/pranitha/.nvm/versions/node/v18.18.0/bin/node /home/pranitha/.nvm/versions/node/v18.18.0/bin/npm
1 info using npm@9.8.1
2 info using node@v18.18.0
3 timing npm:load:whichnode Completed in 9ms
4 timing config:load:defaults Completed in 1ms
5 timing config:load:file:/home/pranitha/.nvm/versions/node/v18.18.0/lib/node_modules/npm/npmrc Completed in 2ms
6 timing config:load:builtin Completed in 2ms
7 timing config:load:cli Completed in 1ms
8 timing config:load:env Completed in 1ms
9 timing config:load:project Completed in 0ms
10 timing config:load:file:/home/pranitha/.npmrc Completed in 1ms
11 timing config:load:user Completed in 1ms
12 timing config:load:file:/home/pranitha/.nvm/versions/node/v18.18.0/etc/npmrc Completed in 0ms
13 timing config:load:global Completed in 0ms
14 timing config:load:setEnvs Completed in 1ms
15 timing config:load Completed in 7ms
16 timing npm:load:configload Completed in 7ms
17 timing config:load:flatten Completed in 7ms
18 timing npm:load:mkdirpcache Completed in 0ms
19 timing npm:load:mkdirplogs Completed in 1ms
20 verbose title npm start
21 verbose argv "start"
22 timing npm:load:setTitle Completed in 1ms
23 timing npm:load:display Completed in 0ms
24 verbose logfile logs-max:10 dir:/home/pranitha/.npm/_logs/2023-10-03T21_18_03_020Z-
25 verbose logfile /home/pranitha/.npm/_logs/2023-10-03T21_18_03_020Z-debug-0.log
26 timing npm:load:logFile Completed in 9ms
27 timing npm:load:timers Completed in 0ms
28 timing npm:load:configScope Completed in 0ms
29 timing npm:load Completed in 50ms
30 silly logfile done cleaning log files
31 timing command:run-script Completed in 10890ms
32 timing command:start Completed in 10899ms
33 verbose exit 1
34 timing npm Completed in 11008ms
35 verbose code 1
