0 verbose cli /home/pranitha/.nvm/versions/node/v20.8.0/bin/node /home/pranitha/.nvm/versions/node/v20.8.0/bin/npm
1 info using npm@10.1.0
2 info using node@v20.8.0
3 timing npm:load:whichnode Completed in 3ms
4 timing config:load:defaults Completed in 1ms
5 timing config:load:file:/home/pranitha/.nvm/versions/node/v20.8.0/lib/node_modules/npm/npmrc Completed in 2ms
6 timing config:load:builtin Completed in 2ms
7 timing config:load:cli Completed in 1ms
8 timing config:load:env Completed in 0ms
9 timing config:load:project Completed in 1ms
10 timing config:load:file:/home/pranitha/.npmrc Completed in 0ms
11 timing config:load:user Completed in 0ms
12 timing config:load:file:/home/pranitha/.nvm/versions/node/v20.8.0/etc/npmrc Completed in 0ms
13 timing config:load:global Completed in 0ms
14 timing config:load:setEnvs Completed in 0ms
15 timing config:load Completed in 5ms
16 timing npm:load:configload Completed in 5ms
17 timing config:load:flatten Completed in 1ms
18 timing npm:load:mkdirpcache Completed in 1ms
19 timing npm:load:mkdirplogs Completed in 0ms
20 verbose title npm start
21 verbose argv "start"
22 timing npm:load:setTitle Completed in 0ms
23 timing npm:load:display Completed in 1ms
24 verbose logfile logs-max:10 dir:/home/pranitha/.npm/_logs/2023-10-03T19_17_07_486Z-
25 verbose logfile /home/pranitha/.npm/_logs/2023-10-03T19_17_07_486Z-debug-0.log
26 timing npm:load:logFile Completed in 5ms
27 timing npm:load:timers Completed in 0ms
28 timing npm:load:configScope Completed in 0ms
29 timing npm:load Completed in 22ms
30 silly logfile done cleaning log files
31 http fetch GET 200 https://registry.npmjs.org/npm 345ms (cache miss)
32 http fetch GET 200 https://registry.npmjs.org/npm 365ms (cache miss)
