2023-12-14 13:50:42.688 [info] Extension host with pid 1265 started
2023-12-14 13:50:42.719 [info] Lock '/home/pranitha/.vscode-server/data/User/workspaceStorage/5d1f493585d6dd7eb8097391029e2499/vscode.lock': Lock acquired.
2023-12-14 13:50:43.035 [info] ExtensionService#_doActivateExtension vscode.typescript-language-features, startup: false, activationEvent: 'onLanguage:javascript'
2023-12-14 13:50:43.048 [info] ExtensionService#_doActivateExtension vscode.emmet, startup: false, activationEvent: 'onLanguage'
2023-12-14 13:50:43.697 [info] ExtensionService#_doActivateExtension vscode.git-base, startup: true, activationEvent: '*', root cause: vscode.git
2023-12-14 13:50:43.711 [info] ExtensionService#_doActivateExtension vscode.npm, startup: true, activationEvent: 'workspaceContains:package.json'
2023-12-14 13:50:44.091 [info] ExtensionService#_doActivateExtension vscode.git, startup: true, activationEvent: '*'
2023-12-14 13:50:44.091 [info] ExtensionService#_doActivateExtension vscode.github, startup: true, activationEvent: '*'
2023-12-14 13:50:44.508 [info] ExtensionService#_doActivateExtension vscode.tunnel-forwarding, startup: false, activationEvent: 'onTunnel'
2023-12-14 13:50:46.206 [info] Eager extensions activated
2023-12-14 13:50:46.207 [info] ExtensionService#_doActivateExtension vscode.debug-auto-launch, startup: false, activationEvent: 'onStartupFinished'
2023-12-14 13:50:46.208 [info] ExtensionService#_doActivateExtension vscode.merge-conflict, startup: false, activationEvent: 'onStartupFinished'
2023-12-14 13:50:46.537 [warning] [Decorations] CAPPING events from decorations provider vscode.git 1763
2023-12-14 13:50:47.195 [warning] [Decorations] CAPPING events from decorations provider vscode.git 1763
2023-12-14 13:51:13.294 [warning] [Decorations] CAPPING events from decorations provider vscode.git 1764
2023-12-14 13:52:13.802 [warning] [Decorations] CAPPING events from decorations provider vscode.git 1755
2023-12-14 13:52:15.254 [info] Extension host terminating: received terminate message from renderer
2023-12-14 13:52:15.254 [info] Lock '/home/pranitha/.vscode-server/data/User/workspaceStorage/5d1f493585d6dd7eb8097391029e2499/vscode.lock': Marking the lockfile as scheduled to be released in 6000 ms.
2023-12-14 13:52:15.350 [error] Canceled: Canceled
	at new g (/home/pranitha/.vscode-server/bin/0ee08df0cf4527e40edc9aa28f4b5bd38bbff2b2/out/vs/workbench/api/node/extensionHostProcess.js:141:110274)
	at u.U (/home/pranitha/.vscode-server/bin/0ee08df0cf4527e40edc9aa28f4b5bd38bbff2b2/out/vs/workbench/api/node/extensionHostProcess.js:150:10866)
	at P.<computed>.j.charCodeAt.P.<computed> (/home/pranitha/.vscode-server/bin/0ee08df0cf4527e40edc9aa28f4b5bd38bbff2b2/out/vs/workbench/api/node/extensionHostProcess.js:150:8317)
	at d.g (/home/pranitha/.vscode-server/bin/0ee08df0cf4527e40edc9aa28f4b5bd38bbff2b2/out/vs/workbench/api/node/extensionHostProcess.js:141:139555)
	at d.executeCommand (/home/pranitha/.vscode-server/bin/0ee08df0cf4527e40edc9aa28f4b5bd38bbff2b2/out/vs/workbench/api/node/extensionHostProcess.js:141:138993)
	at b.registerCommand.description (/home/pranitha/.vscode-server/bin/0ee08df0cf4527e40edc9aa28f4b5bd38bbff2b2/out/vs/workbench/api/node/extensionHostProcess.js:141:138317)
	at d.h (/home/pranitha/.vscode-server/bin/0ee08df0cf4527e40edc9aa28f4b5bd38bbff2b2/out/vs/workbench/api/node/extensionHostProcess.js:141:140094)
	at d.g (/home/pranitha/.vscode-server/bin/0ee08df0cf4527e40edc9aa28f4b5bd38bbff2b2/out/vs/workbench/api/node/extensionHostProcess.js:141:139086)
	at d.executeCommand (/home/pranitha/.vscode-server/bin/0ee08df0cf4527e40edc9aa28f4b5bd38bbff2b2/out/vs/workbench/api/node/extensionHostProcess.js:141:138993)
	at Object.executeCommand (/home/pranitha/.vscode-server/bin/0ee08df0cf4527e40edc9aa28f4b5bd38bbff2b2/out/vs/workbench/api/node/extensionHostProcess.js:158:21333)
	at f.I [as value] (/home/pranitha/.vscode-server/bin/0ee08df0cf4527e40edc9aa28f4b5bd38bbff2b2/extensions/git/dist/main.js:2:924696)
	at n.y (/home/pranitha/.vscode-server/bin/0ee08df0cf4527e40edc9aa28f4b5bd38bbff2b2/out/vs/workbench/api/node/extensionHostProcess.js:80:1902)
	at n.z (/home/pranitha/.vscode-server/bin/0ee08df0cf4527e40edc9aa28f4b5bd38bbff2b2/out/vs/workbench/api/node/extensionHostProcess.js:80:1972)
	at n.fire (/home/pranitha/.vscode-server/bin/0ee08df0cf4527e40edc9aa28f4b5bd38bbff2b2/out/vs/workbench/api/node/extensionHostProcess.js:80:2188)
	at Object.m [as dispose] (/home/pranitha/.vscode-server/bin/0ee08df0cf4527e40edc9aa28f4b5bd38bbff2b2/extensions/git/dist/main.js:2:940613)
	at /home/pranitha/.vscode-server/bin/0ee08df0cf4527e40edc9aa28f4b5bd38bbff2b2/extensions/git/dist/main.js:2:945566
	at Array.forEach (<anonymous>)
	at p.dispose (/home/pranitha/.vscode-server/bin/0ee08df0cf4527e40edc9aa28f4b5bd38bbff2b2/extensions/git/dist/main.js:2:945552)
	at l.<anonymous> (/home/pranitha/.vscode-server/bin/0ee08df0cf4527e40edc9aa28f4b5bd38bbff2b2/out/vs/workbench/api/node/extensionHostProcess.js:137:3620)
	at l.dispose (/home/pranitha/.vscode-server/bin/0ee08df0cf4527e40edc9aa28f4b5bd38bbff2b2/out/vs/workbench/api/node/extensionHostProcess.js:137:3717)
	at l.<anonymous> (/home/pranitha/.vscode-server/bin/0ee08df0cf4527e40edc9aa28f4b5bd38bbff2b2/extensions/git/dist/main.js:2:926708)
	at l.dispose (/home/pranitha/.vscode-server/bin/0ee08df0cf4527e40edc9aa28f4b5bd38bbff2b2/out/vs/workbench/api/node/extensionHostProcess.js:137:3717)
	at s (/home/pranitha/.vscode-server/bin/0ee08df0cf4527e40edc9aa28f4b5bd38bbff2b2/out/vs/workbench/api/node/extensionHostProcess.js:30:754)
	at f.cb (/home/pranitha/.vscode-server/bin/0ee08df0cf4527e40edc9aa28f4b5bd38bbff2b2/out/vs/workbench/api/node/extensionHostProcess.js:154:9873)
	at /home/pranitha/.vscode-server/bin/0ee08df0cf4527e40edc9aa28f4b5bd38bbff2b2/out/vs/workbench/api/node/extensionHostProcess.js:154:7808
	at Array.map (<anonymous>)
	at f.Y (/home/pranitha/.vscode-server/bin/0ee08df0cf4527e40edc9aa28f4b5bd38bbff2b2/out/vs/workbench/api/node/extensionHostProcess.js:154:7795)
	at f.terminate (/home/pranitha/.vscode-server/bin/0ee08df0cf4527e40edc9aa28f4b5bd38bbff2b2/out/vs/workbench/api/node/extensionHostProcess.js:154:8068)
	at s.terminate (/home/pranitha/.vscode-server/bin/0ee08df0cf4527e40edc9aa28f4b5bd38bbff2b2/out/vs/workbench/api/node/extensionHostProcess.js:158:1513)
	at a (/home/pranitha/.vscode-server/bin/0ee08df0cf4527e40edc9aa28f4b5bd38bbff2b2/out/vs/workbench/api/node/extensionHostProcess.js:171:9802)
	at f.value (/home/pranitha/.vscode-server/bin/0ee08df0cf4527e40edc9aa28f4b5bd38bbff2b2/out/vs/workbench/api/node/extensionHostProcess.js:171:7849)
	at n.y (/home/pranitha/.vscode-server/bin/0ee08df0cf4527e40edc9aa28f4b5bd38bbff2b2/out/vs/workbench/api/node/extensionHostProcess.js:80:1902)
	at n.fire (/home/pranitha/.vscode-server/bin/0ee08df0cf4527e40edc9aa28f4b5bd38bbff2b2/out/vs/workbench/api/node/extensionHostProcess.js:80:2119)
	at o.fire (/home/pranitha/.vscode-server/bin/0ee08df0cf4527e40edc9aa28f4b5bd38bbff2b2/out/vs/workbench/api/node/extensionHostProcess.js:103:14039)
	at d.z (/home/pranitha/.vscode-server/bin/0ee08df0cf4527e40edc9aa28f4b5bd38bbff2b2/out/vs/workbench/api/node/extensionHostProcess.js:103:17104)
	at f.value (/home/pranitha/.vscode-server/bin/0ee08df0cf4527e40edc9aa28f4b5bd38bbff2b2/out/vs/workbench/api/node/extensionHostProcess.js:103:16509)
	at n.y (/home/pranitha/.vscode-server/bin/0ee08df0cf4527e40edc9aa28f4b5bd38bbff2b2/out/vs/workbench/api/node/extensionHostProcess.js:80:1902)
	at n.fire (/home/pranitha/.vscode-server/bin/0ee08df0cf4527e40edc9aa28f4b5bd38bbff2b2/out/vs/workbench/api/node/extensionHostProcess.js:80:2119)
	at f.acceptChunk (/home/pranitha/.vscode-server/bin/0ee08df0cf4527e40edc9aa28f4b5bd38bbff2b2/out/vs/workbench/api/node/extensionHostProcess.js:103:11813)
	at f.value (/home/pranitha/.vscode-server/bin/0ee08df0cf4527e40edc9aa28f4b5bd38bbff2b2/out/vs/workbench/api/node/extensionHostProcess.js:103:11100)
	at n.y (/home/pranitha/.vscode-server/bin/0ee08df0cf4527e40edc9aa28f4b5bd38bbff2b2/out/vs/workbench/api/node/extensionHostProcess.js:80:1902)
	at n.fire (/home/pranitha/.vscode-server/bin/0ee08df0cf4527e40edc9aa28f4b5bd38bbff2b2/out/vs/workbench/api/node/extensionHostProcess.js:80:2119)
	at n.z (/home/pranitha/.vscode-server/bin/0ee08df0cf4527e40edc9aa28f4b5bd38bbff2b2/out/vs/workbench/api/node/extensionHostProcess.js:168:19527)
	at n.acceptFrame (/home/pranitha/.vscode-server/bin/0ee08df0cf4527e40edc9aa28f4b5bd38bbff2b2/out/vs/workbench/api/node/extensionHostProcess.js:168:19333)
	at i.n (/home/pranitha/.vscode-server/bin/0ee08df0cf4527e40edc9aa28f4b5bd38bbff2b2/out/vs/workbench/api/node/extensionHostProcess.js:168:17832)
	at /home/pranitha/.vscode-server/bin/0ee08df0cf4527e40edc9aa28f4b5bd38bbff2b2/out/vs/workbench/api/node/extensionHostProcess.js:168:15052
	at Socket.E (/home/pranitha/.vscode-server/bin/0ee08df0cf4527e40edc9aa28f4b5bd38bbff2b2/out/vs/workbench/api/node/extensionHostProcess.js:168:12957)
	at Socket.emit (node:events:513:28)
	at addChunk (node:internal/streams/readable:324:12)
	at readableAddChunk (node:internal/streams/readable:297:9)
	at Readable.push (node:internal/streams/readable:234:10)
	at TCP.onStreamRead (node:internal/stream_base_commons:190:23) setContext undefined
2023-12-14 13:52:15.350 [error] Canceled: Canceled
	at new g (/home/pranitha/.vscode-server/bin/0ee08df0cf4527e40edc9aa28f4b5bd38bbff2b2/out/vs/workbench/api/node/extensionHostProcess.js:141:110274)
	at u.U (/home/pranitha/.vscode-server/bin/0ee08df0cf4527e40edc9aa28f4b5bd38bbff2b2/out/vs/workbench/api/node/extensionHostProcess.js:150:10866)
	at P.<computed>.j.charCodeAt.P.<computed> (/home/pranitha/.vscode-server/bin/0ee08df0cf4527e40edc9aa28f4b5bd38bbff2b2/out/vs/workbench/api/node/extensionHostProcess.js:150:8317)
	at d.g (/home/pranitha/.vscode-server/bin/0ee08df0cf4527e40edc9aa28f4b5bd38bbff2b2/out/vs/workbench/api/node/extensionHostProcess.js:141:139555)
	at d.executeCommand (/home/pranitha/.vscode-server/bin/0ee08df0cf4527e40edc9aa28f4b5bd38bbff2b2/out/vs/workbench/api/node/extensionHostProcess.js:141:138993)
	at b.registerCommand.description (/home/pranitha/.vscode-server/bin/0ee08df0cf4527e40edc9aa28f4b5bd38bbff2b2/out/vs/workbench/api/node/extensionHostProcess.js:141:138317)
	at d.h (/home/pranitha/.vscode-server/bin/0ee08df0cf4527e40edc9aa28f4b5bd38bbff2b2/out/vs/workbench/api/node/extensionHostProcess.js:141:140094)
	at d.g (/home/pranitha/.vscode-server/bin/0ee08df0cf4527e40edc9aa28f4b5bd38bbff2b2/out/vs/workbench/api/node/extensionHostProcess.js:141:139086)
	at d.executeCommand (/home/pranitha/.vscode-server/bin/0ee08df0cf4527e40edc9aa28f4b5bd38bbff2b2/out/vs/workbench/api/node/extensionHostProcess.js:141:138993)
	at Object.executeCommand (/home/pranitha/.vscode-server/bin/0ee08df0cf4527e40edc9aa28f4b5bd38bbff2b2/out/vs/workbench/api/node/extensionHostProcess.js:158:21333)
	at set b [as b] (/home/pranitha/.vscode-server/bin/0ee08df0cf4527e40edc9aa28f4b5bd38bbff2b2/extensions/github/dist/extension.js:2:322364)
	at /home/pranitha/.vscode-server/bin/0ee08df0cf4527e40edc9aa28f4b5bd38bbff2b2/extensions/github/dist/extension.js:2:323005
	at f.value (/home/pranitha/.vscode-server/bin/0ee08df0cf4527e40edc9aa28f4b5bd38bbff2b2/extensions/git/dist/main.js:2:1016450)
	at n.y (/home/pranitha/.vscode-server/bin/0ee08df0cf4527e40edc9aa28f4b5bd38bbff2b2/out/vs/workbench/api/node/extensionHostProcess.js:80:1902)
	at n.z (/home/pranitha/.vscode-server/bin/0ee08df0cf4527e40edc9aa28f4b5bd38bbff2b2/out/vs/workbench/api/node/extensionHostProcess.js:80:1972)
	at n.fire (/home/pranitha/.vscode-server/bin/0ee08df0cf4527e40edc9aa28f4b5bd38bbff2b2/out/vs/workbench/api/node/extensionHostProcess.js:80:2188)
	at Object.m [as dispose] (/home/pranitha/.vscode-server/bin/0ee08df0cf4527e40edc9aa28f4b5bd38bbff2b2/extensions/git/dist/main.js:2:940613)
	at /home/pranitha/.vscode-server/bin/0ee08df0cf4527e40edc9aa28f4b5bd38bbff2b2/extensions/git/dist/main.js:2:945566
	at Array.forEach (<anonymous>)
	at p.dispose (/home/pranitha/.vscode-server/bin/0ee08df0cf4527e40edc9aa28f4b5bd38bbff2b2/extensions/git/dist/main.js:2:945552)
	at l.<anonymous> (/home/pranitha/.vscode-server/bin/0ee08df0cf4527e40edc9aa28f4b5bd38bbff2b2/out/vs/workbench/api/node/extensionHostProcess.js:137:3620)
	at l.dispose (/home/pranitha/.vscode-server/bin/0ee08df0cf4527e40edc9aa28f4b5bd38bbff2b2/out/vs/workbench/api/node/extensionHostProcess.js:137:3717)
	at l.<anonymous> (/home/pranitha/.vscode-server/bin/0ee08df0cf4527e40edc9aa28f4b5bd38bbff2b2/extensions/git/dist/main.js:2:926708)
	at l.dispose (/home/pranitha/.vscode-server/bin/0ee08df0cf4527e40edc9aa28f4b5bd38bbff2b2/out/vs/workbench/api/node/extensionHostProcess.js:137:3717)
	at s (/home/pranitha/.vscode-server/bin/0ee08df0cf4527e40edc9aa28f4b5bd38bbff2b2/out/vs/workbench/api/node/extensionHostProcess.js:30:754)
	at f.cb (/home/pranitha/.vscode-server/bin/0ee08df0cf4527e40edc9aa28f4b5bd38bbff2b2/out/vs/workbench/api/node/extensionHostProcess.js:154:9873)
	at /home/pranitha/.vscode-server/bin/0ee08df0cf4527e40edc9aa28f4b5bd38bbff2b2/out/vs/workbench/api/node/extensionHostProcess.js:154:7808
	at Array.map (<anonymous>)
	at f.Y (/home/pranitha/.vscode-server/bin/0ee08df0cf4527e40edc9aa28f4b5bd38bbff2b2/out/vs/workbench/api/node/extensionHostProcess.js:154:7795)
	at f.terminate (/home/pranitha/.vscode-server/bin/0ee08df0cf4527e40edc9aa28f4b5bd38bbff2b2/out/vs/workbench/api/node/extensionHostProcess.js:154:8068)
	at s.terminate (/home/pranitha/.vscode-server/bin/0ee08df0cf4527e40edc9aa28f4b5bd38bbff2b2/out/vs/workbench/api/node/extensionHostProcess.js:158:1513)
	at a (/home/pranitha/.vscode-server/bin/0ee08df0cf4527e40edc9aa28f4b5bd38bbff2b2/out/vs/workbench/api/node/extensionHostProcess.js:171:9802)
	at f.value (/home/pranitha/.vscode-server/bin/0ee08df0cf4527e40edc9aa28f4b5bd38bbff2b2/out/vs/workbench/api/node/extensionHostProcess.js:171:7849)
	at n.y (/home/pranitha/.vscode-server/bin/0ee08df0cf4527e40edc9aa28f4b5bd38bbff2b2/out/vs/workbench/api/node/extensionHostProcess.js:80:1902)
	at n.fire (/home/pranitha/.vscode-server/bin/0ee08df0cf4527e40edc9aa28f4b5bd38bbff2b2/out/vs/workbench/api/node/extensionHostProcess.js:80:2119)
	at o.fire (/home/pranitha/.vscode-server/bin/0ee08df0cf4527e40edc9aa28f4b5bd38bbff2b2/out/vs/workbench/api/node/extensionHostProcess.js:103:14039)
	at d.z (/home/pranitha/.vscode-server/bin/0ee08df0cf4527e40edc9aa28f4b5bd38bbff2b2/out/vs/workbench/api/node/extensionHostProcess.js:103:17104)
	at f.value (/home/pranitha/.vscode-server/bin/0ee08df0cf4527e40edc9aa28f4b5bd38bbff2b2/out/vs/workbench/api/node/extensionHostProcess.js:103:16509)
	at n.y (/home/pranitha/.vscode-server/bin/0ee08df0cf4527e40edc9aa28f4b5bd38bbff2b2/out/vs/workbench/api/node/extensionHostProcess.js:80:1902)
	at n.fire (/home/pranitha/.vscode-server/bin/0ee08df0cf4527e40edc9aa28f4b5bd38bbff2b2/out/vs/workbench/api/node/extensionHostProcess.js:80:2119)
	at f.acceptChunk (/home/pranitha/.vscode-server/bin/0ee08df0cf4527e40edc9aa28f4b5bd38bbff2b2/out/vs/workbench/api/node/extensionHostProcess.js:103:11813)
	at f.value (/home/pranitha/.vscode-server/bin/0ee08df0cf4527e40edc9aa28f4b5bd38bbff2b2/out/vs/workbench/api/node/extensionHostProcess.js:103:11100)
	at n.y (/home/pranitha/.vscode-server/bin/0ee08df0cf4527e40edc9aa28f4b5bd38bbff2b2/out/vs/workbench/api/node/extensionHostProcess.js:80:1902)
	at n.fire (/home/pranitha/.vscode-server/bin/0ee08df0cf4527e40edc9aa28f4b5bd38bbff2b2/out/vs/workbench/api/node/extensionHostProcess.js:80:2119)
	at n.z (/home/pranitha/.vscode-server/bin/0ee08df0cf4527e40edc9aa28f4b5bd38bbff2b2/out/vs/workbench/api/node/extensionHostProcess.js:168:19527)
	at n.acceptFrame (/home/pranitha/.vscode-server/bin/0ee08df0cf4527e40edc9aa28f4b5bd38bbff2b2/out/vs/workbench/api/node/extensionHostProcess.js:168:19333)
	at i.n (/home/pranitha/.vscode-server/bin/0ee08df0cf4527e40edc9aa28f4b5bd38bbff2b2/out/vs/workbench/api/node/extensionHostProcess.js:168:17832)
	at /home/pranitha/.vscode-server/bin/0ee08df0cf4527e40edc9aa28f4b5bd38bbff2b2/out/vs/workbench/api/node/extensionHostProcess.js:168:15052
	at Socket.E (/home/pranitha/.vscode-server/bin/0ee08df0cf4527e40edc9aa28f4b5bd38bbff2b2/out/vs/workbench/api/node/extensionHostProcess.js:168:12957)
	at Socket.emit (node:events:513:28)
	at addChunk (node:internal/streams/readable:324:12)
	at readableAddChunk (node:internal/streams/readable:297:9)
	at Readable.push (node:internal/streams/readable:234:10)
	at TCP.onStreamRead (node:internal/stream_base_commons:190:23) setContext undefined
2023-12-14 13:52:15.351 [error] Canceled: Canceled
	at new g (/home/pranitha/.vscode-server/bin/0ee08df0cf4527e40edc9aa28f4b5bd38bbff2b2/out/vs/workbench/api/node/extensionHostProcess.js:141:110274)
	at u.U (/home/pranitha/.vscode-server/bin/0ee08df0cf4527e40edc9aa28f4b5bd38bbff2b2/out/vs/workbench/api/node/extensionHostProcess.js:150:10866)
	at P.<computed>.j.charCodeAt.P.<computed> (/home/pranitha/.vscode-server/bin/0ee08df0cf4527e40edc9aa28f4b5bd38bbff2b2/out/vs/workbench/api/node/extensionHostProcess.js:150:8317)
	at d.g (/home/pranitha/.vscode-server/bin/0ee08df0cf4527e40edc9aa28f4b5bd38bbff2b2/out/vs/workbench/api/node/extensionHostProcess.js:141:139555)
	at d.executeCommand (/home/pranitha/.vscode-server/bin/0ee08df0cf4527e40edc9aa28f4b5bd38bbff2b2/out/vs/workbench/api/node/extensionHostProcess.js:141:138993)
	at b.registerCommand.description (/home/pranitha/.vscode-server/bin/0ee08df0cf4527e40edc9aa28f4b5bd38bbff2b2/out/vs/workbench/api/node/extensionHostProcess.js:141:138317)
	at d.h (/home/pranitha/.vscode-server/bin/0ee08df0cf4527e40edc9aa28f4b5bd38bbff2b2/out/vs/workbench/api/node/extensionHostProcess.js:141:140094)
	at d.g (/home/pranitha/.vscode-server/bin/0ee08df0cf4527e40edc9aa28f4b5bd38bbff2b2/out/vs/workbench/api/node/extensionHostProcess.js:141:139086)
	at d.executeCommand (/home/pranitha/.vscode-server/bin/0ee08df0cf4527e40edc9aa28f4b5bd38bbff2b2/out/vs/workbench/api/node/extensionHostProcess.js:141:138993)
	at Object.executeCommand (/home/pranitha/.vscode-server/bin/0ee08df0cf4527e40edc9aa28f4b5bd38bbff2b2/out/vs/workbench/api/node/extensionHostProcess.js:158:21333)
	at f.I [as value] (/home/pranitha/.vscode-server/bin/0ee08df0cf4527e40edc9aa28f4b5bd38bbff2b2/extensions/git/dist/main.js:2:924696)
	at n.y (/home/pranitha/.vscode-server/bin/0ee08df0cf4527e40edc9aa28f4b5bd38bbff2b2/out/vs/workbench/api/node/extensionHostProcess.js:80:1902)
	at n.z (/home/pranitha/.vscode-server/bin/0ee08df0cf4527e40edc9aa28f4b5bd38bbff2b2/out/vs/workbench/api/node/extensionHostProcess.js:80:1972)
	at n.fire (/home/pranitha/.vscode-server/bin/0ee08df0cf4527e40edc9aa28f4b5bd38bbff2b2/out/vs/workbench/api/node/extensionHostProcess.js:80:2188)
	at Object.m [as dispose] (/home/pranitha/.vscode-server/bin/0ee08df0cf4527e40edc9aa28f4b5bd38bbff2b2/extensions/git/dist/main.js:2:940613)
	at /home/pranitha/.vscode-server/bin/0ee08df0cf4527e40edc9aa28f4b5bd38bbff2b2/extensions/git/dist/main.js:2:945566
	at Array.forEach (<anonymous>)
	at p.dispose (/home/pranitha/.vscode-server/bin/0ee08df0cf4527e40edc9aa28f4b5bd38bbff2b2/extensions/git/dist/main.js:2:945552)
	at l.<anonymous> (/home/pranitha/.vscode-server/bin/0ee08df0cf4527e40edc9aa28f4b5bd38bbff2b2/out/vs/workbench/api/node/extensionHostProcess.js:137:3620)
	at l.dispose (/home/pranitha/.vscode-server/bin/0ee08df0cf4527e40edc9aa28f4b5bd38bbff2b2/out/vs/workbench/api/node/extensionHostProcess.js:137:3717)
	at l.<anonymous> (/home/pranitha/.vscode-server/bin/0ee08df0cf4527e40edc9aa28f4b5bd38bbff2b2/extensions/git/dist/main.js:2:926708)
	at l.dispose (/home/pranitha/.vscode-server/bin/0ee08df0cf4527e40edc9aa28f4b5bd38bbff2b2/out/vs/workbench/api/node/extensionHostProcess.js:137:3717)
	at s (/home/pranitha/.vscode-server/bin/0ee08df0cf4527e40edc9aa28f4b5bd38bbff2b2/out/vs/workbench/api/node/extensionHostProcess.js:30:754)
	at f.cb (/home/pranitha/.vscode-server/bin/0ee08df0cf4527e40edc9aa28f4b5bd38bbff2b2/out/vs/workbench/api/node/extensionHostProcess.js:154:9873)
	at /home/pranitha/.vscode-server/bin/0ee08df0cf4527e40edc9aa28f4b5bd38bbff2b2/out/vs/workbench/api/node/extensionHostProcess.js:154:7808
	at Array.map (<anonymous>)
	at f.Y (/home/pranitha/.vscode-server/bin/0ee08df0cf4527e40edc9aa28f4b5bd38bbff2b2/out/vs/workbench/api/node/extensionHostProcess.js:154:7795)
	at f.terminate (/home/pranitha/.vscode-server/bin/0ee08df0cf4527e40edc9aa28f4b5bd38bbff2b2/out/vs/workbench/api/node/extensionHostProcess.js:154:8068)
	at s.terminate (/home/pranitha/.vscode-server/bin/0ee08df0cf4527e40edc9aa28f4b5bd38bbff2b2/out/vs/workbench/api/node/extensionHostProcess.js:158:1513)
	at a (/home/pranitha/.vscode-server/bin/0ee08df0cf4527e40edc9aa28f4b5bd38bbff2b2/out/vs/workbench/api/node/extensionHostProcess.js:171:9802)
	at f.value (/home/pranitha/.vscode-server/bin/0ee08df0cf4527e40edc9aa28f4b5bd38bbff2b2/out/vs/workbench/api/node/extensionHostProcess.js:171:7849)
	at n.y (/home/pranitha/.vscode-server/bin/0ee08df0cf4527e40edc9aa28f4b5bd38bbff2b2/out/vs/workbench/api/node/extensionHostProcess.js:80:1902)
	at n.fire (/home/pranitha/.vscode-server/bin/0ee08df0cf4527e40edc9aa28f4b5bd38bbff2b2/out/vs/workbench/api/node/extensionHostProcess.js:80:2119)
	at o.fire (/home/pranitha/.vscode-server/bin/0ee08df0cf4527e40edc9aa28f4b5bd38bbff2b2/out/vs/workbench/api/node/extensionHostProcess.js:103:14039)
	at d.z (/home/pranitha/.vscode-server/bin/0ee08df0cf4527e40edc9aa28f4b5bd38bbff2b2/out/vs/workbench/api/node/extensionHostProcess.js:103:17104)
	at f.value (/home/pranitha/.vscode-server/bin/0ee08df0cf4527e40edc9aa28f4b5bd38bbff2b2/out/vs/workbench/api/node/extensionHostProcess.js:103:16509)
	at n.y (/home/pranitha/.vscode-server/bin/0ee08df0cf4527e40edc9aa28f4b5bd38bbff2b2/out/vs/workbench/api/node/extensionHostProcess.js:80:1902)
	at n.fire (/home/pranitha/.vscode-server/bin/0ee08df0cf4527e40edc9aa28f4b5bd38bbff2b2/out/vs/workbench/api/node/extensionHostProcess.js:80:2119)
	at f.acceptChunk (/home/pranitha/.vscode-server/bin/0ee08df0cf4527e40edc9aa28f4b5bd38bbff2b2/out/vs/workbench/api/node/extensionHostProcess.js:103:11813)
	at f.value (/home/pranitha/.vscode-server/bin/0ee08df0cf4527e40edc9aa28f4b5bd38bbff2b2/out/vs/workbench/api/node/extensionHostProcess.js:103:11100)
	at n.y (/home/pranitha/.vscode-server/bin/0ee08df0cf4527e40edc9aa28f4b5bd38bbff2b2/out/vs/workbench/api/node/extensionHostProcess.js:80:1902)
	at n.fire (/home/pranitha/.vscode-server/bin/0ee08df0cf4527e40edc9aa28f4b5bd38bbff2b2/out/vs/workbench/api/node/extensionHostProcess.js:80:2119)
	at n.z (/home/pranitha/.vscode-server/bin/0ee08df0cf4527e40edc9aa28f4b5bd38bbff2b2/out/vs/workbench/api/node/extensionHostProcess.js:168:19527)
	at n.acceptFrame (/home/pranitha/.vscode-server/bin/0ee08df0cf4527e40edc9aa28f4b5bd38bbff2b2/out/vs/workbench/api/node/extensionHostProcess.js:168:19333)
	at i.n (/home/pranitha/.vscode-server/bin/0ee08df0cf4527e40edc9aa28f4b5bd38bbff2b2/out/vs/workbench/api/node/extensionHostProcess.js:168:17832)
	at /home/pranitha/.vscode-server/bin/0ee08df0cf4527e40edc9aa28f4b5bd38bbff2b2/out/vs/workbench/api/node/extensionHostProcess.js:168:15052
	at Socket.E (/home/pranitha/.vscode-server/bin/0ee08df0cf4527e40edc9aa28f4b5bd38bbff2b2/out/vs/workbench/api/node/extensionHostProcess.js:168:12957)
	at Socket.emit (node:events:513:28)
	at addChunk (node:internal/streams/readable:324:12)
	at readableAddChunk (node:internal/streams/readable:297:9)
	at Readable.push (node:internal/streams/readable:234:10)
	at TCP.onStreamRead (node:internal/stream_base_commons:190:23) setContext undefined
2023-12-14 13:52:15.351 [error] Canceled: Canceled
	at new g (/home/pranitha/.vscode-server/bin/0ee08df0cf4527e40edc9aa28f4b5bd38bbff2b2/out/vs/workbench/api/node/extensionHostProcess.js:141:110274)
	at u.U (/home/pranitha/.vscode-server/bin/0ee08df0cf4527e40edc9aa28f4b5bd38bbff2b2/out/vs/workbench/api/node/extensionHostProcess.js:150:10866)
	at P.<computed>.j.charCodeAt.P.<computed> (/home/pranitha/.vscode-server/bin/0ee08df0cf4527e40edc9aa28f4b5bd38bbff2b2/out/vs/workbench/api/node/extensionHostProcess.js:150:8317)
	at d.g (/home/pranitha/.vscode-server/bin/0ee08df0cf4527e40edc9aa28f4b5bd38bbff2b2/out/vs/workbench/api/node/extensionHostProcess.js:141:139555)
	at d.executeCommand (/home/pranitha/.vscode-server/bin/0ee08df0cf4527e40edc9aa28f4b5bd38bbff2b2/out/vs/workbench/api/node/extensionHostProcess.js:141:138993)
	at b.registerCommand.description (/home/pranitha/.vscode-server/bin/0ee08df0cf4527e40edc9aa28f4b5bd38bbff2b2/out/vs/workbench/api/node/extensionHostProcess.js:141:138317)
	at d.h (/home/pranitha/.vscode-server/bin/0ee08df0cf4527e40edc9aa28f4b5bd38bbff2b2/out/vs/workbench/api/node/extensionHostProcess.js:141:140094)
	at d.g (/home/pranitha/.vscode-server/bin/0ee08df0cf4527e40edc9aa28f4b5bd38bbff2b2/out/vs/workbench/api/node/extensionHostProcess.js:141:139086)
	at d.executeCommand (/home/pranitha/.vscode-server/bin/0ee08df0cf4527e40edc9aa28f4b5bd38bbff2b2/out/vs/workbench/api/node/extensionHostProcess.js:141:138993)
	at Object.executeCommand (/home/pranitha/.vscode-server/bin/0ee08df0cf4527e40edc9aa28f4b5bd38bbff2b2/out/vs/workbench/api/node/extensionHostProcess.js:158:21333)
	at set b [as b] (/home/pranitha/.vscode-server/bin/0ee08df0cf4527e40edc9aa28f4b5bd38bbff2b2/extensions/github/dist/extension.js:2:322364)
	at /home/pranitha/.vscode-server/bin/0ee08df0cf4527e40edc9aa28f4b5bd38bbff2b2/extensions/github/dist/extension.js:2:323005
	at f.value (/home/pranitha/.vscode-server/bin/0ee08df0cf4527e40edc9aa28f4b5bd38bbff2b2/extensions/git/dist/main.js:2:1016450)
	at n.y (/home/pranitha/.vscode-server/bin/0ee08df0cf4527e40edc9aa28f4b5bd38bbff2b2/out/vs/workbench/api/node/extensionHostProcess.js:80:1902)
	at n.z (/home/pranitha/.vscode-server/bin/0ee08df0cf4527e40edc9aa28f4b5bd38bbff2b2/out/vs/workbench/api/node/extensionHostProcess.js:80:1972)
	at n.fire (/home/pranitha/.vscode-server/bin/0ee08df0cf4527e40edc9aa28f4b5bd38bbff2b2/out/vs/workbench/api/node/extensionHostProcess.js:80:2188)
	at Object.m [as dispose] (/home/pranitha/.vscode-server/bin/0ee08df0cf4527e40edc9aa28f4b5bd38bbff2b2/extensions/git/dist/main.js:2:940613)
	at /home/pranitha/.vscode-server/bin/0ee08df0cf4527e40edc9aa28f4b5bd38bbff2b2/extensions/git/dist/main.js:2:945566
	at Array.forEach (<anonymous>)
	at p.dispose (/home/pranitha/.vscode-server/bin/0ee08df0cf4527e40edc9aa28f4b5bd38bbff2b2/extensions/git/dist/main.js:2:945552)
	at l.<anonymous> (/home/pranitha/.vscode-server/bin/0ee08df0cf4527e40edc9aa28f4b5bd38bbff2b2/out/vs/workbench/api/node/extensionHostProcess.js:137:3620)
	at l.dispose (/home/pranitha/.vscode-server/bin/0ee08df0cf4527e40edc9aa28f4b5bd38bbff2b2/out/vs/workbench/api/node/extensionHostProcess.js:137:3717)
	at l.<anonymous> (/home/pranitha/.vscode-server/bin/0ee08df0cf4527e40edc9aa28f4b5bd38bbff2b2/extensions/git/dist/main.js:2:926708)
	at l.dispose (/home/pranitha/.vscode-server/bin/0ee08df0cf4527e40edc9aa28f4b5bd38bbff2b2/out/vs/workbench/api/node/extensionHostProcess.js:137:3717)
	at s (/home/pranitha/.vscode-server/bin/0ee08df0cf4527e40edc9aa28f4b5bd38bbff2b2/out/vs/workbench/api/node/extensionHostProcess.js:30:754)
	at f.cb (/home/pranitha/.vscode-server/bin/0ee08df0cf4527e40edc9aa28f4b5bd38bbff2b2/out/vs/workbench/api/node/extensionHostProcess.js:154:9873)
	at /home/pranitha/.vscode-server/bin/0ee08df0cf4527e40edc9aa28f4b5bd38bbff2b2/out/vs/workbench/api/node/extensionHostProcess.js:154:7808
	at Array.map (<anonymous>)
	at f.Y (/home/pranitha/.vscode-server/bin/0ee08df0cf4527e40edc9aa28f4b5bd38bbff2b2/out/vs/workbench/api/node/extensionHostProcess.js:154:7795)
	at f.terminate (/home/pranitha/.vscode-server/bin/0ee08df0cf4527e40edc9aa28f4b5bd38bbff2b2/out/vs/workbench/api/node/extensionHostProcess.js:154:8068)
	at s.terminate (/home/pranitha/.vscode-server/bin/0ee08df0cf4527e40edc9aa28f4b5bd38bbff2b2/out/vs/workbench/api/node/extensionHostProcess.js:158:1513)
	at a (/home/pranitha/.vscode-server/bin/0ee08df0cf4527e40edc9aa28f4b5bd38bbff2b2/out/vs/workbench/api/node/extensionHostProcess.js:171:9802)
	at f.value (/home/pranitha/.vscode-server/bin/0ee08df0cf4527e40edc9aa28f4b5bd38bbff2b2/out/vs/workbench/api/node/extensionHostProcess.js:171:7849)
	at n.y (/home/pranitha/.vscode-server/bin/0ee08df0cf4527e40edc9aa28f4b5bd38bbff2b2/out/vs/workbench/api/node/extensionHostProcess.js:80:1902)
	at n.fire (/home/pranitha/.vscode-server/bin/0ee08df0cf4527e40edc9aa28f4b5bd38bbff2b2/out/vs/workbench/api/node/extensionHostProcess.js:80:2119)
	at o.fire (/home/pranitha/.vscode-server/bin/0ee08df0cf4527e40edc9aa28f4b5bd38bbff2b2/out/vs/workbench/api/node/extensionHostProcess.js:103:14039)
	at d.z (/home/pranitha/.vscode-server/bin/0ee08df0cf4527e40edc9aa28f4b5bd38bbff2b2/out/vs/workbench/api/node/extensionHostProcess.js:103:17104)
	at f.value (/home/pranitha/.vscode-server/bin/0ee08df0cf4527e40edc9aa28f4b5bd38bbff2b2/out/vs/workbench/api/node/extensionHostProcess.js:103:16509)
	at n.y (/home/pranitha/.vscode-server/bin/0ee08df0cf4527e40edc9aa28f4b5bd38bbff2b2/out/vs/workbench/api/node/extensionHostProcess.js:80:1902)
	at n.fire (/home/pranitha/.vscode-server/bin/0ee08df0cf4527e40edc9aa28f4b5bd38bbff2b2/out/vs/workbench/api/node/extensionHostProcess.js:80:2119)
	at f.acceptChunk (/home/pranitha/.vscode-server/bin/0ee08df0cf4527e40edc9aa28f4b5bd38bbff2b2/out/vs/workbench/api/node/extensionHostProcess.js:103:11813)
	at f.value (/home/pranitha/.vscode-server/bin/0ee08df0cf4527e40edc9aa28f4b5bd38bbff2b2/out/vs/workbench/api/node/extensionHostProcess.js:103:11100)
	at n.y (/home/pranitha/.vscode-server/bin/0ee08df0cf4527e40edc9aa28f4b5bd38bbff2b2/out/vs/workbench/api/node/extensionHostProcess.js:80:1902)
	at n.fire (/home/pranitha/.vscode-server/bin/0ee08df0cf4527e40edc9aa28f4b5bd38bbff2b2/out/vs/workbench/api/node/extensionHostProcess.js:80:2119)
	at n.z (/home/pranitha/.vscode-server/bin/0ee08df0cf4527e40edc9aa28f4b5bd38bbff2b2/out/vs/workbench/api/node/extensionHostProcess.js:168:19527)
	at n.acceptFrame (/home/pranitha/.vscode-server/bin/0ee08df0cf4527e40edc9aa28f4b5bd38bbff2b2/out/vs/workbench/api/node/extensionHostProcess.js:168:19333)
	at i.n (/home/pranitha/.vscode-server/bin/0ee08df0cf4527e40edc9aa28f4b5bd38bbff2b2/out/vs/workbench/api/node/extensionHostProcess.js:168:17832)
	at /home/pranitha/.vscode-server/bin/0ee08df0cf4527e40edc9aa28f4b5bd38bbff2b2/out/vs/workbench/api/node/extensionHostProcess.js:168:15052
	at Socket.E (/home/pranitha/.vscode-server/bin/0ee08df0cf4527e40edc9aa28f4b5bd38bbff2b2/out/vs/workbench/api/node/extensionHostProcess.js:168:12957)
	at Socket.emit (node:events:513:28)
	at addChunk (node:internal/streams/readable:324:12)
	at readableAddChunk (node:internal/streams/readable:297:9)
	at Readable.push (node:internal/streams/readable:234:10)
	at TCP.onStreamRead (node:internal/stream_base_commons:190:23) setContext undefined
2023-12-14 13:52:15.351 [info] Extension host with pid 1265 exiting with code 0
