2023-10-14 18:33:04.660 [info] Log level: Info
2023-10-14 18:33:04.660 [info] Validating found git in: "git"
2023-10-14 18:33:04.660 [info] Using git "2.34.1" from "git"
2023-10-14 18:33:04.660 [info] > git rev-parse --show-toplevel [78ms]
2023-10-14 18:33:04.660 [info] fatal: not a git repository (or any of the parent directories): .git
2023-10-14 18:33:04.660 [info] > git rev-parse --show-toplevel [6ms]
2023-10-14 18:33:04.660 [info] fatal: not a git repository (or any of the parent directories): .git
2023-10-14 18:33:04.663 [info] > git rev-parse --show-toplevel [5ms]
2023-10-14 18:33:04.664 [info] fatal: not a git repository (or any of the parent directories): .git
2023-10-14 18:33:04.689 [info] > git rev-parse --show-toplevel [17ms]
2023-10-14 18:33:04.689 [info] fatal: not a git repository (or any of the parent directories): .git
2023-10-14 18:33:04.786 [info] > git rev-parse --show-toplevel [88ms]
2023-10-14 18:33:04.786 [info] fatal: not a git repository (or any of the parent directories): .git
2023-10-14 18:33:04.798 [info] > git rev-parse --show-toplevel [5ms]
2023-10-14 18:33:04.807 [info] > git rev-parse --git-dir --git-common-dir [2ms]
2023-10-14 18:33:04.824 [info] Open repository: /home/pranitha/.nvm
2023-10-14 18:33:04.904 [info] > git rev-parse --show-toplevel [55ms]
2023-10-14 18:33:04.905 [info] fatal: not a git repository (or any of the parent directories): .git
2023-10-14 18:33:04.905 [info] > git config --get commit.template [64ms]
2023-10-14 18:33:04.930 [info] > git rev-parse --show-toplevel [13ms]
2023-10-14 18:33:04.930 [info] fatal: not a git repository (or any of the parent directories): .git
2023-10-14 18:33:04.955 [info] > git for-each-ref --format %(refname) %(objectname) %(*objectname) refs/tags [28ms]
2023-10-14 18:33:04.968 [info] > git rev-parse --show-toplevel [26ms]
2023-10-14 18:33:04.969 [info] fatal: not a git repository (or any of the parent directories): .git
2023-10-14 18:33:04.980 [info] > git status -z -uall [18ms]
2023-10-14 18:33:04.981 [info] > git rev-parse --show-toplevel [5ms]
2023-10-14 18:33:04.981 [info] fatal: not a git repository (or any of the parent directories): .git
2023-10-14 18:33:05.014 [info] > git rev-parse --show-toplevel [11ms]
2023-10-14 18:33:05.014 [info] fatal: not a git repository (or any of the parent directories): .git
2023-10-14 18:33:05.024 [info] > git config --get commit.template [11ms]
2023-10-14 18:33:05.036 [info] > git for-each-ref --format %(refname) %(objectname) %(*objectname) refs/tags [3ms]
2023-10-14 18:33:05.053 [info] > git status -z -uall [8ms]
