2023-11-30 11:52:18.461 [info] Log level: Info
2023-11-30 11:52:18.461 [info] Validating found git in: "git"
2023-11-30 11:52:18.461 [info] Using git "2.34.1" from "git"
2023-11-30 11:52:18.461 [info] > git rev-parse --show-toplevel [24ms]
2023-11-30 11:52:18.461 [info] fatal: not a git repository (or any of the parent directories): .git
2023-11-30 11:52:18.461 [info] > git rev-parse --show-toplevel [3ms]
2023-11-30 11:52:18.461 [info] fatal: not a git repository (or any of the parent directories): .git
2023-11-30 11:52:18.461 [info] > git rev-parse --show-toplevel [3ms]
2023-11-30 11:52:18.461 [info] fatal: not a git repository (or any of the parent directories): .git
2023-11-30 11:52:18.469 [info] > git rev-parse --show-toplevel [2ms]
2023-11-30 11:52:18.469 [info] fatal: not a git repository (or any of the parent directories): .git
2023-11-30 11:52:18.502 [info] > git rev-parse --show-toplevel [27ms]
2023-11-30 11:52:18.502 [info] fatal: not a git repository (or any of the parent directories): .git
2023-11-30 11:52:18.528 [info] > git rev-parse --show-toplevel [21ms]
2023-11-30 11:52:18.538 [info] > git rev-parse --git-dir --git-common-dir [1ms]
2023-11-30 11:52:18.546 [info] Open repository: /home/pranitha/.nvm
2023-11-30 11:52:18.558 [info] > git rev-parse --show-toplevel [1ms]
2023-11-30 11:52:18.558 [info] fatal: not a git repository (or any of the parent directories): .git
2023-11-30 11:52:18.558 [info] > git config --get commit.template [5ms]
2023-11-30 11:52:18.572 [info] > git rev-parse --show-toplevel [10ms]
2023-11-30 11:52:18.572 [info] fatal: not a git repository (or any of the parent directories): .git
2023-11-30 11:52:18.577 [info] > git for-each-ref --format %(refname) %(objectname) %(*objectname) refs/tags [10ms]
2023-11-30 11:52:18.586 [info] > git rev-parse --show-toplevel [10ms]
2023-11-30 11:52:18.586 [info] fatal: not a git repository (or any of the parent directories): .git
2023-11-30 11:52:18.593 [info] > git rev-parse --show-toplevel [1ms]
2023-11-30 11:52:18.593 [info] fatal: not a git repository (or any of the parent directories): .git
2023-11-30 11:52:18.594 [info] > git status -z -uall [12ms]
2023-11-30 11:52:18.612 [info] > git rev-parse --show-toplevel [8ms]
2023-11-30 11:52:18.612 [info] fatal: not a git repository (or any of the parent directories): .git
2023-11-30 11:52:18.618 [info] > git config --get commit.template [10ms]
2023-11-30 11:52:18.625 [info] > git for-each-ref --format %(refname) %(objectname) %(*objectname) refs/tags [2ms]
2023-11-30 11:52:18.633 [info] > git status -z -uall [3ms]
2023-11-30 11:56:30.005 [info] > git check-ignore -v -z --stdin [1ms]
2023-11-30 11:57:09.393 [info] > git rev-parse --show-toplevel [7ms]
2023-11-30 11:57:09.393 [info] fatal: not a git repository (or any of the parent directories): .git
2023-11-30 12:05:24.906 [info] > git rev-parse --show-toplevel [2ms]
2023-11-30 12:05:24.906 [info] fatal: not a git repository (or any of the parent directories): .git
2023-11-30 12:05:27.784 [info] > git rev-parse --show-toplevel [4ms]
2023-11-30 12:05:27.784 [info] fatal: not a git repository (or any of the parent directories): .git
2023-11-30 12:05:53.550 [info] > git rev-parse --show-toplevel [2ms]
2023-11-30 12:05:53.550 [info] fatal: not a git repository (or any of the parent directories): .git
2023-11-30 12:06:48.579 [info] > git rev-parse --show-toplevel [3ms]
2023-11-30 12:06:48.579 [info] fatal: not a git repository (or any of the parent directories): .git
2023-11-30 12:08:37.408 [info] > git rev-parse --show-toplevel [0ms]
2023-11-30 12:08:37.408 [info] fatal: not a git repository (or any of the parent directories): .git
2023-11-30 12:08:38.199 [info] > git rev-parse --show-toplevel [1ms]
2023-11-30 12:08:38.199 [info] fatal: not a git repository (or any of the parent directories): .git
2023-11-30 12:09:47.698 [info] > git rev-parse --show-toplevel [3ms]
2023-11-30 12:09:47.698 [info] fatal: not a git repository (or any of the parent directories): .git
2023-11-30 12:10:02.776 [info] > git rev-parse --show-toplevel [1ms]
2023-11-30 12:10:02.782 [info] fatal: not a git repository (or any of the parent directories): .git
